[ 2014-06-28T20:45:25+08:00 ] 127.0.0.1 /
INFO: [ app_init ] --START--
INFO: Run Behavior\BuildLiteBehavior [ RunTime:0.000000s ]
INFO: [ app_init ] --END-- [ RunTime:0.003001s ]
INFO: [ app_begin ] --START--
INFO: Run Behavior\ReadHtmlCacheBehavior [ RunTime:0.028002s ]
INFO: [ app_begin ] --END-- [ RunTime:0.028002s ]
SQL: SHOW COLUMNS FROM `sh_category` [ RunTime:0.049003s ]
SQL: SELECT * FROM `sh_category` WHERE ( parent_id=0 )  [ RunTime:0.001000s ]
SQL: SELECT * FROM `sh_category` WHERE ( parent_id=13 )  [ RunTime:0.001000s ]
SQL: SELECT * FROM `sh_category` WHERE ( parent_id=14 )  [ RunTime:0.001000s ]
SQL: SELECT * FROM `sh_category` WHERE ( parent_id=23 )  [ RunTime:0.002000s ]
SQL: SELECT * FROM `sh_category` WHERE ( parent_id=25 )  [ RunTime:0.001000s ]
SQL: SELECT * FROM `sh_category` WHERE ( parent_id=26 )  [ RunTime:0.001000s ]
SQL: SELECT * FROM `sh_category` WHERE ( parent_id=16 )  [ RunTime:0.001000s ]
SQL: SELECT * FROM `sh_category` WHERE ( parent_id=17 )  [ RunTime:0.001000s ]
SQL: SELECT * FROM `sh_category` WHERE ( parent_id=18 )  [ RunTime:0.001001s ]
SQL: SELECT * FROM `sh_category` WHERE ( parent_id=27 )  [ RunTime:0.001000s ]
SQL: SHOW COLUMNS FROM `sh_news` [ RunTime:0.045003s ]
SQL: SHOW COLUMNS FROM `sh_news_cat` [ RunTime:0.035002s ]
SQL: SELECT * FROM `sh_news_cat` WHERE ( is_help='是' )  [ RunTime:0.001000s ]
SQL: SELECT * FROM `sh_news` WHERE ( cat_id=2 AND isshow="是" )  [ RunTime:0.001000s ]
SQL: SELECT * FROM `sh_news` WHERE ( cat_id=3 AND isshow="是" )  [ RunTime:0.001000s ]
SQL: SHOW COLUMNS FROM `sh_button` [ RunTime:0.042002s ]
SQL: SELECT * FROM `sh_button`  [ RunTime:0.002000s ]
SQL: SHOW COLUMNS FROM `sh_ad` [ RunTime:0.075004s ]
SQL: SHOW COLUMNS FROM `sh_ad_pos` [ RunTime:0.034002s ]
SQL: SELECT * FROM `sh_ad_pos` WHERE ( `id` = 1 ) LIMIT 1   [ RunTime:0.001000s ]
SQL: SELECT * FROM `sh_ad` WHERE ( is_on='是' AND pos_id=1 ) LIMIT 1   [ RunTime:0.001000s ]
SQL: SHOW COLUMNS FROM `sh_jq_info` [ RunTime:0.039003s ]
SQL: SELECT * FROM `sh_jq_info` WHERE ( ad_id=15 )  [ RunTime:0.001000s ]
SQL: SELECT * FROM `sh_ad_pos` WHERE ( `id` = 2 ) LIMIT 1   [ RunTime:0.001000s ]
SQL: SELECT * FROM `sh_ad` WHERE ( is_on='是' AND pos_id=2 ) LIMIT 1   [ RunTime:0.002000s ]
SQL: SELECT id,title FROM sh_news WHERE cat_id IN(SELECT id FROM sh_news_cat WHERE is_help="否") AND isshow="是" LIMIT 8 [ RunTime:0.001000s ]
SQL: SHOW COLUMNS FROM `sh_goods` [ RunTime:0.023002s ]
SQL: SHOW COLUMNS FROM `sh_recommend` [ RunTime:0.046002s ]
SQL: SELECT `goods_id` FROM `sh_recommend` WHERE ( rec_name='疯狂抢购' ) LIMIT 1   [ RunTime:0.001000s ]
SQL: SELECT `id`,`mid_logo`,`shop_price`,`goods_name` FROM `sh_goods` WHERE ( id IN(25,18,28,21) )  [ RunTime:0.001000s ]
SQL: SELECT `goods_id` FROM `sh_recommend` WHERE ( rec_name='热卖商品' ) LIMIT 1   [ RunTime:0.000000s ]
SQL: SELECT `id`,`mid_logo`,`shop_price`,`goods_name` FROM `sh_goods` WHERE ( id IN(25,28,21) )  [ RunTime:0.001000s ]
SQL: SELECT `goods_id` FROM `sh_recommend` WHERE ( rec_name='推荐商品' ) LIMIT 1   [ RunTime:0.001000s ]
SQL: SELECT `id`,`mid_logo`,`shop_price`,`goods_name` FROM `sh_goods` WHERE ( id IN(29) )  [ RunTime:0.001000s ]
SQL: SELECT `goods_id` FROM `sh_recommend` WHERE ( rec_name='新品上架' ) LIMIT 1   [ RunTime:0.001000s ]
SQL: SELECT `id`,`mid_logo`,`shop_price`,`goods_name` FROM `sh_goods` WHERE ( id IN(29) )  [ RunTime:0.001000s ]
SQL: SELECT `goods_id` FROM `sh_recommend` WHERE ( rec_name='猜您喜欢' ) LIMIT 1   [ RunTime:0.002000s ]
SQL: SELECT `id`,`mid_logo`,`shop_price`,`goods_name` FROM `sh_goods` WHERE ( id IN(29) )  [ RunTime:0.002000s ]
SQL: SELECT `goods_id` FROM `sh_recommend` WHERE ( rec_name='首页中间大类推荐' ) LIMIT 1   [ RunTime:0.006000s ]
SQL: SHOW COLUMNS FROM `sh_goods` [ RunTime:0.016001s ]
SQL: SELECT * FROM `sh_category` WHERE ( parent_id=0 AND is_rec="是" )  [ RunTime:0.001000s ]
SQL: SELECT `id`,`cat_name` FROM `sh_category` WHERE ( parent_id=13 AND is_rec="否" )  [ RunTime:0.001001s ]
SQL: SELECT `id`,`cat_name` FROM `sh_category` WHERE ( parent_id=13 AND is_rec="是" ) LIMIT 4   [ RunTime:0.001000s ]
SQL: SELECT * FROM `sh_category`  [ RunTime:0.001000s ]
SQL: SELECT `id`,`goods_name`,`mid_logo`,`shop_price` FROM `sh_goods` WHERE ( cat_id IN(15,14) AND is_on_sale='是' AND id IN(28,21,30,20,18) ) LIMIT 8   [ RunTime:0.001000s ]
SQL: SELECT * FROM `sh_category`  [ RunTime:0.002000s ]
SQL: SELECT `id`,`goods_name`,`mid_logo`,`shop_price` FROM `sh_goods` WHERE ( cat_id IN(25) AND is_on_sale='是' AND id IN(28,21,30,20,18) ) LIMIT 8   [ RunTime:0.015001s ]
SQL: SELECT * FROM `sh_category`  [ RunTime:0.001000s ]
SQL: SELECT GROUP_CONCAT(id) gid FROM `sh_goods` WHERE ( cat_id IN(14,15,23,24,25,26,13) ) LIMIT 1   [ RunTime:0.002000s ]
SQL: SELECT b.* FROM sh_goods a LEFT JOIN sh_brand b ON a.brand_id=b.id  WHERE ( a.id IN(19,20,22,23,25,27,24,28,31,29,30,21) AND b.logo IS NOT NULL ) GROUP BY a.brand_id LIMIT 9   [ RunTime:0.033002s ]
SQL: SHOW COLUMNS FROM `sh_goods_news` [ RunTime:0.038002s ]
SQL: SELECT b.id,b.title FROM sh_goods_news a LEFT JOIN sh_news b ON a.news_id=b.id  WHERE ( a.goods_id IN(19,20,22,23,25,27,24,28,31,29,30,21) AND b.isshow='是' ) GROUP BY a.news_id LIMIT 5   [ RunTime:0.002000s ]
SQL: SELECT `id`,`goods_name`,`mid_logo`,`shop_price` FROM `sh_goods` WHERE ( cat_id IN(23,24,26,13) AND is_on_sale='是' AND id IN(28,21,30,20,18) ) LIMIT 8   [ RunTime:0.001000s ]
SQL: SELECT `id`,`cat_name` FROM `sh_category` WHERE ( parent_id=16 AND is_rec="否" )  [ RunTime:0.000000s ]
SQL: SELECT `id`,`cat_name` FROM `sh_category` WHERE ( parent_id=16 AND is_rec="是" ) LIMIT 4   [ RunTime:0.001000s ]
SQL: SELECT * FROM `sh_category`  [ RunTime:0.001000s ]
SQL: SELECT `id`,`goods_name`,`mid_logo`,`shop_price` FROM `sh_goods` WHERE ( cat_id IN(21,22,18) AND is_on_sale='是' AND id IN(28,21,30,20,18) ) LIMIT 8   [ RunTime:0.001000s ]
SQL: SELECT * FROM `sh_category`  [ RunTime:0.001000s ]
SQL: SELECT GROUP_CONCAT(id) gid FROM `sh_goods` WHERE ( cat_id IN(17,19,20,18,21,22,27,16) ) LIMIT 1   [ RunTime:0.002000s ]
SQL: SELECT b.* FROM sh_goods a LEFT JOIN sh_brand b ON a.brand_id=b.id  WHERE ( a.id IN(18) AND b.logo IS NOT NULL ) GROUP BY a.brand_id LIMIT 9   [ RunTime:0.001000s ]
SQL: SELECT b.id,b.title FROM sh_goods_news a LEFT JOIN sh_news b ON a.news_id=b.id  WHERE ( a.goods_id IN(18) AND b.isshow='是' ) GROUP BY a.news_id LIMIT 5   [ RunTime:0.010001s ]
SQL: SELECT `id`,`goods_name`,`mid_logo`,`shop_price` FROM `sh_goods` WHERE ( cat_id IN(17,19,20,27,16) AND is_on_sale='是' AND id IN(28,21,30,20,18) ) LIMIT 8   [ RunTime:0.003000s ]
INFO: [ view_parse ] --START--
INFO: [ template_filter ] --START--
INFO: Run Behavior\ContentReplaceBehavior [ RunTime:0.000000s ]
INFO: [ template_filter ] --END-- [ RunTime:0.000000s ]
NOTIC: [2] Invalid argument supplied for foreach() D:\phphuanjing\apache\htdocs\www.shop.com\Application\Runtime\Cache\Home\2a94b8bda04ff446dcedd42276fc99ee.php 第 154 行.
NOTIC: [2] Invalid argument supplied for foreach() D:\phphuanjing\apache\htdocs\www.shop.com\Application\Runtime\Cache\Home\2a94b8bda04ff446dcedd42276fc99ee.php 第 154 行.
NOTIC: [2] Invalid argument supplied for foreach() D:\phphuanjing\apache\htdocs\www.shop.com\Application\Runtime\Cache\Home\2a94b8bda04ff446dcedd42276fc99ee.php 第 154 行.
SQL: SELECT * FROM `sh_ad_pos` WHERE ( `id` = 3 ) LIMIT 1   [ RunTime:0.002000s ]
SQL: SELECT * FROM `sh_ad` WHERE ( is_on='是' AND pos_id=3 ) LIMIT 1   [ RunTime:0.001000s ]
SQL: SELECT * FROM `sh_ad_pos` WHERE ( `id` = 4 ) LIMIT 1   [ RunTime:0.001000s ]
SQL: SELECT * FROM `sh_ad` WHERE ( is_on='是' AND pos_id=4 ) LIMIT 1   [ RunTime:0.001000s ]
SQL: SELECT * FROM `sh_jq_info` WHERE ( ad_id=19 )  [ RunTime:0.001000s ]
NOTIC: [2] Invalid argument supplied for foreach() D:\phphuanjing\apache\htdocs\www.shop.com\Application\Runtime\Cache\Home\2a94b8bda04ff446dcedd42276fc99ee.php 第 460 行.
NOTIC: [2] Invalid argument supplied for foreach() D:\phphuanjing\apache\htdocs\www.shop.com\Application\Runtime\Cache\Home\2a94b8bda04ff446dcedd42276fc99ee.php 第 498 行.
NOTIC: [2] Invalid argument supplied for foreach() D:\phphuanjing\apache\htdocs\www.shop.com\Application\Runtime\Cache\Home\2a94b8bda04ff446dcedd42276fc99ee.php 第 525 行.
INFO: Run Behavior\ParseTemplateBehavior [ RunTime:0.209012s ]
INFO: [ view_parse ] --END-- [ RunTime:0.209012s ]
INFO: [ view_filter ] --START--
INFO: Run Behavior\WriteHtmlCacheBehavior [ RunTime:0.013001s ]
INFO: [ view_filter ] --END-- [ RunTime:0.013001s ]
INFO: [ app_end ] --START--
INFO: Run Behavior\ShowPageTraceBehavior [ RunTime:0.021002s ]
INFO: [ app_end ] --END-- [ RunTime:0.021002s ]

[ 2014-06-28T20:45:26+08:00 ] 127.0.0.1 /index.php/Member/Index/ajaxChkLogin
INFO: [ app_init ] --START--
INFO: Run Behavior\BuildLiteBehavior [ RunTime:0.000000s ]
INFO: [ app_init ] --END-- [ RunTime:0.003000s ]
INFO: [ app_begin ] --START--
INFO: Run Behavior\ReadHtmlCacheBehavior [ RunTime:0.004000s ]
INFO: [ app_begin ] --END-- [ RunTime:0.004000s ]
SQL: SHOW COLUMNS FROM `sh_category` [ RunTime:0.019001s ]
SQL: SELECT * FROM `sh_category` WHERE ( parent_id=0 )  [ RunTime:0.003000s ]
SQL: SELECT * FROM `sh_category` WHERE ( parent_id=13 )  [ RunTime:0.003000s ]
SQL: SELECT * FROM `sh_category` WHERE ( parent_id=14 )  [ RunTime:0.001000s ]
SQL: SELECT * FROM `sh_category` WHERE ( parent_id=23 )  [ RunTime:0.002000s ]
SQL: SELECT * FROM `sh_category` WHERE ( parent_id=25 )  [ RunTime:0.002000s ]
SQL: SELECT * FROM `sh_category` WHERE ( parent_id=26 )  [ RunTime:0.001001s ]
SQL: SELECT * FROM `sh_category` WHERE ( parent_id=16 )  [ RunTime:0.001000s ]
SQL: SELECT * FROM `sh_category` WHERE ( parent_id=17 )  [ RunTime:0.001000s ]
SQL: SELECT * FROM `sh_category` WHERE ( parent_id=18 )  [ RunTime:0.001000s ]
SQL: SELECT * FROM `sh_category` WHERE ( parent_id=27 )  [ RunTime:0.001000s ]
SQL: SHOW COLUMNS FROM `sh_news` [ RunTime:0.020001s ]
SQL: SHOW COLUMNS FROM `sh_news_cat` [ RunTime:0.021002s ]
SQL: SELECT * FROM `sh_news_cat` WHERE ( is_help='是' )  [ RunTime:0.002000s ]
SQL: SELECT * FROM `sh_news` WHERE ( cat_id=2 AND isshow="是" )  [ RunTime:0.001000s ]
SQL: SELECT * FROM `sh_news` WHERE ( cat_id=3 AND isshow="是" )  [ RunTime:0.001000s ]
SQL: SHOW COLUMNS FROM `sh_button` [ RunTime:0.014001s ]
SQL: SELECT * FROM `sh_button`  [ RunTime:0.001000s ]
SQL: SHOW COLUMNS FROM `sh_cart` [ RunTime:0.048003s ]
INFO: [ app_end ] --START--
INFO: Run Behavior\ShowPageTraceBehavior [ RunTime:0.002000s ]
INFO: [ app_end ] --END-- [ RunTime:0.003000s ]

