[ 2014-07-02T12:57:49+08:00 ] 127.0.0.1 /
INFO: [ app_init ] --START--
INFO: Run Behavior\BuildLiteBehavior [ RunTime:0.000000s ]
INFO: [ app_init ] --END-- [ RunTime:0.002000s ]
INFO: [ app_begin ] --START--
INFO: Run Behavior\ReadHtmlCacheBehavior [ RunTime:0.031002s ]
INFO: [ app_begin ] --END-- [ RunTime:0.031002s ]
SQL: SHOW COLUMNS FROM `sh_category` [ RunTime:0.083005s ]
SQL: SELECT * FROM `sh_category` WHERE ( parent_id=0 )  [ RunTime:0.001000s ]
SQL: SELECT * FROM `sh_category` WHERE ( parent_id=13 )  [ RunTime:0.001000s ]
SQL: SELECT * FROM `sh_category` WHERE ( parent_id=14 )  [ RunTime:0.002000s ]
SQL: SELECT * FROM `sh_category` WHERE ( parent_id=23 )  [ RunTime:0.001000s ]
SQL: SELECT * FROM `sh_category` WHERE ( parent_id=25 )  [ RunTime:0.001001s ]
SQL: SELECT * FROM `sh_category` WHERE ( parent_id=26 )  [ RunTime:0.001000s ]
SQL: SELECT * FROM `sh_category` WHERE ( parent_id=16 )  [ RunTime:0.001000s ]
SQL: SELECT * FROM `sh_category` WHERE ( parent_id=17 )  [ RunTime:0.001000s ]
SQL: SELECT * FROM `sh_category` WHERE ( parent_id=18 )  [ RunTime:0.001000s ]
SQL: SELECT * FROM `sh_category` WHERE ( parent_id=27 )  [ RunTime:0.001000s ]
SQL: SHOW COLUMNS FROM `sh_news` [ RunTime:0.050003s ]
SQL: SHOW COLUMNS FROM `sh_news_cat` [ RunTime:0.041003s ]
SQL: SELECT * FROM `sh_news_cat` WHERE ( is_help='是' )  [ RunTime:0.001000s ]
SQL: SELECT * FROM `sh_news` WHERE ( cat_id=2 AND isshow="是" )  [ RunTime:0.001000s ]
SQL: SELECT * FROM `sh_news` WHERE ( cat_id=3 AND isshow="是" )  [ RunTime:0.001000s ]
SQL: SHOW COLUMNS FROM `sh_button` [ RunTime:0.066004s ]
SQL: SELECT * FROM `sh_button`  [ RunTime:0.001000s ]
SQL: SHOW COLUMNS FROM `sh_ad` [ RunTime:0.071004s ]
SQL: SHOW COLUMNS FROM `sh_ad_pos` [ RunTime:0.057004s ]
SQL: SELECT * FROM `sh_ad_pos` WHERE ( `id` = 1 ) LIMIT 1   [ RunTime:0.001000s ]
SQL: SELECT * FROM `sh_ad` WHERE ( is_on='是' AND pos_id=1 ) LIMIT 1   [ RunTime:0.002000s ]
SQL: SHOW COLUMNS FROM `sh_jq_info` [ RunTime:0.038002s ]
SQL: SELECT * FROM `sh_jq_info` WHERE ( ad_id=15 )  [ RunTime:0.001000s ]
SQL: SELECT * FROM `sh_ad_pos` WHERE ( `id` = 2 ) LIMIT 1   [ RunTime:0.001000s ]
SQL: SELECT * FROM `sh_ad` WHERE ( is_on='是' AND pos_id=2 ) LIMIT 1   [ RunTime:0.001000s ]
SQL: SELECT id,title FROM sh_news WHERE cat_id IN(SELECT id FROM sh_news_cat WHERE is_help="否") AND isshow="是" LIMIT 8 [ RunTime:0.003001s ]
SQL: SHOW COLUMNS FROM `sh_goods` [ RunTime:0.093006s ]
SQL: SHOW COLUMNS FROM `sh_recommend` [ RunTime:0.045002s ]
SQL: SELECT `goods_id` FROM `sh_recommend` WHERE ( rec_name='疯狂抢购' ) LIMIT 1   [ RunTime:0.002000s ]
SQL: SELECT `id`,`mid_logo`,`shop_price`,`goods_name` FROM `sh_goods` WHERE ( id IN(25,18,28,21) )  [ RunTime:0.004001s ]
SQL: SELECT `goods_id` FROM `sh_recommend` WHERE ( rec_name='热卖商品' ) LIMIT 1   [ RunTime:0.001000s ]
SQL: SELECT `id`,`mid_logo`,`shop_price`,`goods_name` FROM `sh_goods` WHERE ( id IN(25,21,28) )  [ RunTime:0.001000s ]
SQL: SELECT `goods_id` FROM `sh_recommend` WHERE ( rec_name='推荐商品' ) LIMIT 1   [ RunTime:0.001000s ]
SQL: SELECT `id`,`mid_logo`,`shop_price`,`goods_name` FROM `sh_goods` WHERE ( id IN(29) )  [ RunTime:0.001000s ]
SQL: SELECT `goods_id` FROM `sh_recommend` WHERE ( rec_name='新品上架' ) LIMIT 1   [ RunTime:0.001000s ]
SQL: SELECT `id`,`mid_logo`,`shop_price`,`goods_name` FROM `sh_goods` WHERE ( id IN(29) )  [ RunTime:0.001000s ]
SQL: SELECT `goods_id` FROM `sh_recommend` WHERE ( rec_name='猜您喜欢' ) LIMIT 1   [ RunTime:0.001000s ]
SQL: SELECT `id`,`mid_logo`,`shop_price`,`goods_name` FROM `sh_goods` WHERE ( id IN(29) )  [ RunTime:0.001000s ]
SQL: SELECT `goods_id` FROM `sh_recommend` WHERE ( rec_name='首页中间大类推荐' ) LIMIT 1   [ RunTime:0.001000s ]
SQL: SHOW COLUMNS FROM `sh_goods` [ RunTime:0.013001s ]
SQL: SELECT * FROM `sh_category` WHERE ( parent_id=0 AND is_rec="是" )  [ RunTime:0.001000s ]
SQL: SELECT `id`,`cat_name` FROM `sh_category` WHERE ( parent_id=13 AND is_rec="否" )  [ RunTime:0.001000s ]
SQL: SELECT `id`,`cat_name` FROM `sh_category` WHERE ( parent_id=13 AND is_rec="是" ) LIMIT 4   [ RunTime:0.000000s ]
SQL: SELECT * FROM `sh_category`  [ RunTime:0.001000s ]
SQL: SELECT `id`,`goods_name`,`mid_logo`,`shop_price` FROM `sh_goods` WHERE ( cat_id IN(15,14) AND is_on_sale='是' AND id IN(28,21,30,20,18) ) LIMIT 8   [ RunTime:0.001000s ]
SQL: SELECT * FROM `sh_category`  [ RunTime:0.001001s ]
SQL: SELECT `id`,`goods_name`,`mid_logo`,`shop_price` FROM `sh_goods` WHERE ( cat_id IN(25) AND is_on_sale='是' AND id IN(28,21,30,20,18) ) LIMIT 8   [ RunTime:0.001000s ]
SQL: SELECT * FROM `sh_category`  [ RunTime:0.001000s ]
SQL: SELECT GROUP_CONCAT(id) gid FROM `sh_goods` WHERE ( cat_id IN(14,15,23,24,25,26,13) ) LIMIT 1   [ RunTime:0.002000s ]
SQL: SELECT b.* FROM sh_goods a LEFT JOIN sh_brand b ON a.brand_id=b.id  WHERE ( a.id IN(19,20,22,23,25,27,24,28,31,29,30,21) AND b.logo IS NOT NULL ) GROUP BY a.brand_id LIMIT 9   [ RunTime:0.060003s ]
SQL: SHOW COLUMNS FROM `sh_goods_news` [ RunTime:0.067004s ]
SQL: SELECT b.id,b.title FROM sh_goods_news a LEFT JOIN sh_news b ON a.news_id=b.id  WHERE ( a.goods_id IN(19,20,22,23,25,27,24,28,31,29,30,21) AND b.isshow='是' ) GROUP BY a.news_id LIMIT 5   [ RunTime:0.002000s ]
SQL: SELECT `id`,`goods_name`,`mid_logo`,`shop_price` FROM `sh_goods` WHERE ( cat_id IN(23,24,26,13) AND is_on_sale='是' AND id IN(28,21,30,20,18) ) LIMIT 8   [ RunTime:0.002000s ]
SQL: SELECT `id`,`cat_name` FROM `sh_category` WHERE ( parent_id=16 AND is_rec="否" )  [ RunTime:0.001000s ]
SQL: SELECT `id`,`cat_name` FROM `sh_category` WHERE ( parent_id=16 AND is_rec="是" ) LIMIT 4   [ RunTime:0.001000s ]
SQL: SELECT * FROM `sh_category`  [ RunTime:0.001001s ]
SQL: SELECT `id`,`goods_name`,`mid_logo`,`shop_price` FROM `sh_goods` WHERE ( cat_id IN(21,22,18) AND is_on_sale='是' AND id IN(28,21,30,20,18) ) LIMIT 8   [ RunTime:0.002000s ]
SQL: SELECT * FROM `sh_category`  [ RunTime:0.003000s ]
SQL: SELECT GROUP_CONCAT(id) gid FROM `sh_goods` WHERE ( cat_id IN(17,19,20,18,21,22,27,16) ) LIMIT 1   [ RunTime:0.003000s ]
SQL: SELECT b.* FROM sh_goods a LEFT JOIN sh_brand b ON a.brand_id=b.id  WHERE ( a.id IN(18) AND b.logo IS NOT NULL ) GROUP BY a.brand_id LIMIT 9   [ RunTime:0.001000s ]
SQL: SELECT b.id,b.title FROM sh_goods_news a LEFT JOIN sh_news b ON a.news_id=b.id  WHERE ( a.goods_id IN(18) AND b.isshow='是' ) GROUP BY a.news_id LIMIT 5   [ RunTime:0.002000s ]
SQL: SELECT `id`,`goods_name`,`mid_logo`,`shop_price` FROM `sh_goods` WHERE ( cat_id IN(17,19,20,27,16) AND is_on_sale='是' AND id IN(28,21,30,20,18) ) LIMIT 8   [ RunTime:0.001000s ]
INFO: [ view_parse ] --START--
INFO: [ template_filter ] --START--
INFO: Run Behavior\ContentReplaceBehavior [ RunTime:0.000000s ]
INFO: [ template_filter ] --END-- [ RunTime:0.000000s ]
NOTIC: [2] Invalid argument supplied for foreach() D:\phphuanjing\apache\htdocs\www.shop.com\Application\Runtime\Cache\Home\2a94b8bda04ff446dcedd42276fc99ee.php 第 154 行.
NOTIC: [2] Invalid argument supplied for foreach() D:\phphuanjing\apache\htdocs\www.shop.com\Application\Runtime\Cache\Home\2a94b8bda04ff446dcedd42276fc99ee.php 第 154 行.
NOTIC: [2] Invalid argument supplied for foreach() D:\phphuanjing\apache\htdocs\www.shop.com\Application\Runtime\Cache\Home\2a94b8bda04ff446dcedd42276fc99ee.php 第 154 行.
SQL: SELECT * FROM `sh_ad_pos` WHERE ( `id` = 3 ) LIMIT 1   [ RunTime:0.002000s ]
SQL: SELECT * FROM `sh_ad` WHERE ( is_on='是' AND pos_id=3 ) LIMIT 1   [ RunTime:0.002000s ]
SQL: SELECT * FROM `sh_ad_pos` WHERE ( `id` = 4 ) LIMIT 1   [ RunTime:0.001000s ]
SQL: SELECT * FROM `sh_ad` WHERE ( is_on='是' AND pos_id=4 ) LIMIT 1   [ RunTime:0.001000s ]
SQL: SELECT * FROM `sh_jq_info` WHERE ( ad_id=19 )  [ RunTime:0.001000s ]
NOTIC: [2] Invalid argument supplied for foreach() D:\phphuanjing\apache\htdocs\www.shop.com\Application\Runtime\Cache\Home\2a94b8bda04ff446dcedd42276fc99ee.php 第 460 行.
NOTIC: [2] Invalid argument supplied for foreach() D:\phphuanjing\apache\htdocs\www.shop.com\Application\Runtime\Cache\Home\2a94b8bda04ff446dcedd42276fc99ee.php 第 498 行.
NOTIC: [2] Invalid argument supplied for foreach() D:\phphuanjing\apache\htdocs\www.shop.com\Application\Runtime\Cache\Home\2a94b8bda04ff446dcedd42276fc99ee.php 第 525 行.
INFO: Run Behavior\ParseTemplateBehavior [ RunTime:0.184010s ]
INFO: [ view_parse ] --END-- [ RunTime:0.184010s ]
INFO: [ view_filter ] --START--
INFO: Run Behavior\WriteHtmlCacheBehavior [ RunTime:0.021001s ]
INFO: [ view_filter ] --END-- [ RunTime:0.021001s ]
INFO: [ app_end ] --START--
INFO: Run Behavior\ShowPageTraceBehavior [ RunTime:0.010001s ]
INFO: [ app_end ] --END-- [ RunTime:0.012001s ]

[ 2014-07-02T12:57:50+08:00 ] 127.0.0.1 /index.php/Member/Index/ajaxChkLogin
INFO: [ app_init ] --START--
INFO: Run Behavior\BuildLiteBehavior [ RunTime:0.000000s ]
INFO: [ app_init ] --END-- [ RunTime:0.002001s ]
INFO: [ app_begin ] --START--
INFO: Run Behavior\ReadHtmlCacheBehavior [ RunTime:0.007001s ]
INFO: [ app_begin ] --END-- [ RunTime:0.008001s ]
SQL: SHOW COLUMNS FROM `sh_category` [ RunTime:0.034001s ]
SQL: SELECT * FROM `sh_category` WHERE ( parent_id=0 )  [ RunTime:0.006000s ]
SQL: SELECT * FROM `sh_category` WHERE ( parent_id=13 )  [ RunTime:0.001000s ]
SQL: SELECT * FROM `sh_category` WHERE ( parent_id=14 )  [ RunTime:0.002000s ]
SQL: SELECT * FROM `sh_category` WHERE ( parent_id=23 )  [ RunTime:0.001000s ]
SQL: SELECT * FROM `sh_category` WHERE ( parent_id=25 )  [ RunTime:0.001000s ]
SQL: SELECT * FROM `sh_category` WHERE ( parent_id=26 )  [ RunTime:0.000000s ]
SQL: SELECT * FROM `sh_category` WHERE ( parent_id=16 )  [ RunTime:0.001000s ]
SQL: SELECT * FROM `sh_category` WHERE ( parent_id=17 )  [ RunTime:0.001000s ]
SQL: SELECT * FROM `sh_category` WHERE ( parent_id=18 )  [ RunTime:0.001001s ]
SQL: SELECT * FROM `sh_category` WHERE ( parent_id=27 )  [ RunTime:0.000000s ]
SQL: SHOW COLUMNS FROM `sh_news` [ RunTime:0.015001s ]
SQL: SHOW COLUMNS FROM `sh_news_cat` [ RunTime:0.011000s ]
SQL: SELECT * FROM `sh_news_cat` WHERE ( is_help='是' )  [ RunTime:0.001001s ]
SQL: SELECT * FROM `sh_news` WHERE ( cat_id=2 AND isshow="是" )  [ RunTime:0.000000s ]
SQL: SELECT * FROM `sh_news` WHERE ( cat_id=3 AND isshow="是" )  [ RunTime:0.001000s ]
SQL: SHOW COLUMNS FROM `sh_button` [ RunTime:0.016001s ]
SQL: SELECT * FROM `sh_button`  [ RunTime:0.003000s ]
SQL: SHOW COLUMNS FROM `sh_cart` [ RunTime:0.056004s ]
INFO: [ app_end ] --START--
INFO: Run Behavior\ShowPageTraceBehavior [ RunTime:0.004000s ]
INFO: [ app_end ] --END-- [ RunTime:0.004000s ]

[ 2014-07-02T12:57:53+08:00 ] 127.0.0.1 /index.php/Home/Index/goods/id/18
INFO: [ app_init ] --START--
INFO: Run Behavior\BuildLiteBehavior [ RunTime:0.000000s ]
INFO: [ app_init ] --END-- [ RunTime:0.001000s ]
INFO: [ app_begin ] --START--
INFO: Run Behavior\ReadHtmlCacheBehavior [ RunTime:0.003000s ]
INFO: [ app_begin ] --END-- [ RunTime:0.003000s ]
SQL: SHOW COLUMNS FROM `sh_category` [ RunTime:0.013000s ]
SQL: SELECT * FROM `sh_category` WHERE ( parent_id=0 )  [ RunTime:0.001000s ]
SQL: SELECT * FROM `sh_category` WHERE ( parent_id=13 )  [ RunTime:0.001000s ]
SQL: SELECT * FROM `sh_category` WHERE ( parent_id=14 )  [ RunTime:0.000000s ]
SQL: SELECT * FROM `sh_category` WHERE ( parent_id=23 )  [ RunTime:0.000000s ]
SQL: SELECT * FROM `sh_category` WHERE ( parent_id=25 )  [ RunTime:0.000000s ]
SQL: SELECT * FROM `sh_category` WHERE ( parent_id=26 )  [ RunTime:0.000000s ]
SQL: SELECT * FROM `sh_category` WHERE ( parent_id=16 )  [ RunTime:0.000000s ]
SQL: SELECT * FROM `sh_category` WHERE ( parent_id=17 )  [ RunTime:0.000000s ]
SQL: SELECT * FROM `sh_category` WHERE ( parent_id=18 )  [ RunTime:0.001000s ]
SQL: SELECT * FROM `sh_category` WHERE ( parent_id=27 )  [ RunTime:0.001000s ]
SQL: SHOW COLUMNS FROM `sh_news` [ RunTime:0.012001s ]
SQL: SHOW COLUMNS FROM `sh_news_cat` [ RunTime:0.011000s ]
SQL: SELECT * FROM `sh_news_cat` WHERE ( is_help='是' )  [ RunTime:0.001001s ]
SQL: SELECT * FROM `sh_news` WHERE ( cat_id=2 AND isshow="是" )  [ RunTime:0.001000s ]
SQL: SELECT * FROM `sh_news` WHERE ( cat_id=3 AND isshow="是" )  [ RunTime:0.002000s ]
SQL: SHOW COLUMNS FROM `sh_button` [ RunTime:0.011000s ]
SQL: SELECT * FROM `sh_button`  [ RunTime:0.001000s ]
SQL: SHOW COLUMNS FROM `sh_goods` [ RunTime:0.013001s ]
SQL: SELECT * FROM `sh_goods` WHERE ( `id` = 18 ) LIMIT 1   [ RunTime:0.001000s ]
SQL: SHOW COLUMNS FROM `sh_goods_pics` [ RunTime:0.086005s ]
SQL: SELECT * FROM `sh_goods_pics` WHERE ( goods_id=18 )  [ RunTime:0.001000s ]
SQL: SHOW COLUMNS FROM `sh_goods_attr` [ RunTime:0.060004s ]
SQL: SELECT a.*,b.attr_name,b.attr_type FROM sh_goods_attr a LEFT JOIN sh_attribute b ON a.attr_id=b.id  WHERE ( a.goods_id=18 )  [ RunTime:0.027001s ]
SQL: SHOW COLUMNS FROM `sh_goods_impression` [ RunTime:0.026002s ]
SQL: SELECT * FROM `sh_goods_impression` WHERE ( goods_id=18 )  [ RunTime:0.001000s ]
SQL: SHOW COLUMNS FROM `sh_goods_remark` [ RunTime:0.023001s ]
SQL: SELECT `star` FROM `sh_goods_remark` WHERE ( goods_id=18 )  [ RunTime:0.001000s ]
SQL: SHOW COLUMNS FROM `sh_order` [ RunTime:0.114006s ]
SQL: SHOW COLUMNS FROM `sh_category` [ RunTime:0.016000s ]
SQL: SELECT * FROM `sh_category`  [ RunTime:0.001000s ]
SQL: select b.*,SUM(b.goods_number) num
                 from sh_order a
				 left join sh_order_goods as b on a.id = b.order_id 
				  LEFT JOIN sh_goods c ON b.goods_id=c.id
				   where a.post_status ='已到货' AND c.cat_id IN(20)
                    group by b.goods_id
                     order by num DESC
                       LIMIT 10 [ RunTime:0.035002s ]
SQL: SHOW COLUMNS FROM `sh_history` [ RunTime:0.039002s ]
SQL: SELECT b.id,b.goods_name,b.mid_logo,b.shop_price 
		   FROM sh_history a
  		  LEFT JOIN sh_goods b ON a.goods_id=b.id
		 WHERE member_id IN(
		SELECT member_id FROM sh_history WHERE goods_id=18) AND a.goods_id <> 18 ORDER BY a.addtime DESC LIMIT 5 [ RunTime:0.001000s ]
INFO: [ view_parse ] --START--
INFO: [ template_filter ] --START--
INFO: Run Behavior\ContentReplaceBehavior [ RunTime:0.000000s ]
INFO: [ template_filter ] --END-- [ RunTime:0.000000s ]
NOTIC: [8] Undefined variable: keyword D:\phphuanjing\apache\htdocs\www.shop.com\Application\Runtime\Cache\Home\862a52d698112494831f0f0bc6d3727d.php 第 6 行.
NOTIC: [8] Undefined variable: description D:\phphuanjing\apache\htdocs\www.shop.com\Application\Runtime\Cache\Home\862a52d698112494831f0f0bc6d3727d.php 第 7 行.
NOTIC: [2] Invalid argument supplied for foreach() D:\phphuanjing\apache\htdocs\www.shop.com\Application\Runtime\Cache\Home\862a52d698112494831f0f0bc6d3727d.php 第 154 行.
NOTIC: [2] Invalid argument supplied for foreach() D:\phphuanjing\apache\htdocs\www.shop.com\Application\Runtime\Cache\Home\862a52d698112494831f0f0bc6d3727d.php 第 154 行.
NOTIC: [2] Invalid argument supplied for foreach() D:\phphuanjing\apache\htdocs\www.shop.com\Application\Runtime\Cache\Home\862a52d698112494831f0f0bc6d3727d.php 第 154 行.
NOTIC: [2] Invalid argument supplied for foreach() D:\phphuanjing\apache\htdocs\www.shop.com\Application\Runtime\Cache\Home\862a52d698112494831f0f0bc6d3727d.php 第 608 行.
INFO: Run Behavior\ParseTemplateBehavior [ RunTime:0.069004s ]
INFO: [ view_parse ] --END-- [ RunTime:0.069004s ]
INFO: [ view_filter ] --START--
INFO: Run Behavior\WriteHtmlCacheBehavior [ RunTime:0.004001s ]
INFO: [ view_filter ] --END-- [ RunTime:0.004001s ]
INFO: [ app_end ] --START--
INFO: Run Behavior\ShowPageTraceBehavior [ RunTime:0.005000s ]
INFO: [ app_end ] --END-- [ RunTime:0.005000s ]

[ 2014-07-02T12:57:54+08:00 ] 127.0.0.1 /index.php/Home/Index/ajaxGetMemberPrice/id/18
INFO: [ app_init ] --START--
INFO: Run Behavior\BuildLiteBehavior [ RunTime:0.000000s ]
INFO: [ app_init ] --END-- [ RunTime:0.012001s ]
INFO: [ app_begin ] --START--
INFO: Run Behavior\ReadHtmlCacheBehavior [ RunTime:0.005000s ]
INFO: [ app_begin ] --END-- [ RunTime:0.006000s ]
SQL: SHOW COLUMNS FROM `sh_category` [ RunTime:0.018001s ]
SQL: SELECT * FROM `sh_category` WHERE ( parent_id=0 )  [ RunTime:0.011000s ]
SQL: SELECT * FROM `sh_category` WHERE ( parent_id=13 )  [ RunTime:0.001001s ]
SQL: SELECT * FROM `sh_category` WHERE ( parent_id=14 )  [ RunTime:0.001000s ]
SQL: SELECT * FROM `sh_category` WHERE ( parent_id=23 )  [ RunTime:0.001000s ]
SQL: SELECT * FROM `sh_category` WHERE ( parent_id=25 )  [ RunTime:0.000000s ]
SQL: SELECT * FROM `sh_category` WHERE ( parent_id=26 )  [ RunTime:0.001000s ]
SQL: SELECT * FROM `sh_category` WHERE ( parent_id=16 )  [ RunTime:0.001000s ]
SQL: SELECT * FROM `sh_category` WHERE ( parent_id=17 )  [ RunTime:0.001000s ]
SQL: SELECT * FROM `sh_category` WHERE ( parent_id=18 )  [ RunTime:0.001000s ]
SQL: SELECT * FROM `sh_category` WHERE ( parent_id=27 )  [ RunTime:0.001000s ]
SQL: SHOW COLUMNS FROM `sh_news` [ RunTime:0.013000s ]
SQL: SHOW COLUMNS FROM `sh_news_cat` [ RunTime:0.042003s ]
SQL: SELECT * FROM `sh_news_cat` WHERE ( is_help='是' )  [ RunTime:0.001000s ]
SQL: SELECT * FROM `sh_news` WHERE ( cat_id=2 AND isshow="是" )  [ RunTime:0.001000s ]
SQL: SELECT * FROM `sh_news` WHERE ( cat_id=3 AND isshow="是" )  [ RunTime:0.001000s ]
SQL: SHOW COLUMNS FROM `sh_button` [ RunTime:0.019001s ]
SQL: SELECT * FROM `sh_button`  [ RunTime:0.001000s ]
SQL: SHOW COLUMNS FROM `sh_level_price` [ RunTime:0.036002s ]
SQL: SELECT `price` FROM `sh_level_price` WHERE ( goods_id=18 AND level_id=0 ) LIMIT 1   [ RunTime:0.000000s ]
SQL: SHOW COLUMNS FROM `sh_goods` [ RunTime:0.016001s ]
SQL: SELECT `shop_price` FROM `sh_goods` WHERE ( `id` = 18 ) LIMIT 1   [ RunTime:0.001000s ]
INFO: [ app_end ] --START--
INFO: Run Behavior\ShowPageTraceBehavior [ RunTime:0.004000s ]
INFO: [ app_end ] --END-- [ RunTime:0.005001s ]

[ 2014-07-02T12:57:54+08:00 ] 127.0.0.1 /index.php/Member/Index/ajaxChkLogin
INFO: [ app_init ] --START--
INFO: Run Behavior\BuildLiteBehavior [ RunTime:0.000000s ]
INFO: [ app_init ] --END-- [ RunTime:0.001000s ]
INFO: [ app_begin ] --START--
INFO: Run Behavior\ReadHtmlCacheBehavior [ RunTime:0.016001s ]
INFO: [ app_begin ] --END-- [ RunTime:0.016001s ]
SQL: SHOW COLUMNS FROM `sh_category` [ RunTime:0.021001s ]
SQL: SELECT * FROM `sh_category` WHERE ( parent_id=0 )  [ RunTime:0.003000s ]
SQL: SELECT * FROM `sh_category` WHERE ( parent_id=13 )  [ RunTime:0.001000s ]
SQL: SELECT * FROM `sh_category` WHERE ( parent_id=14 )  [ RunTime:0.003000s ]
SQL: SELECT * FROM `sh_category` WHERE ( parent_id=23 )  [ RunTime:0.003000s ]
SQL: SELECT * FROM `sh_category` WHERE ( parent_id=25 )  [ RunTime:0.001000s ]
SQL: SELECT * FROM `sh_category` WHERE ( parent_id=26 )  [ RunTime:0.001001s ]
SQL: SELECT * FROM `sh_category` WHERE ( parent_id=16 )  [ RunTime:0.001000s ]
SQL: SELECT * FROM `sh_category` WHERE ( parent_id=17 )  [ RunTime:0.001000s ]
SQL: SELECT * FROM `sh_category` WHERE ( parent_id=18 )  [ RunTime:0.001000s ]
SQL: SELECT * FROM `sh_category` WHERE ( parent_id=27 )  [ RunTime:0.001000s ]
SQL: SHOW COLUMNS FROM `sh_news` [ RunTime:0.015001s ]
SQL: SHOW COLUMNS FROM `sh_news_cat` [ RunTime:0.012001s ]
SQL: SELECT * FROM `sh_news_cat` WHERE ( is_help='是' )  [ RunTime:0.000000s ]
SQL: SELECT * FROM `sh_news` WHERE ( cat_id=2 AND isshow="是" )  [ RunTime:0.001000s ]
SQL: SELECT * FROM `sh_news` WHERE ( cat_id=3 AND isshow="是" )  [ RunTime:0.000000s ]
SQL: SHOW COLUMNS FROM `sh_button` [ RunTime:0.011001s ]
SQL: SELECT * FROM `sh_button`  [ RunTime:0.000000s ]
SQL: SHOW COLUMNS FROM `sh_cart` [ RunTime:0.012001s ]
INFO: [ app_end ] --START--
INFO: Run Behavior\ShowPageTraceBehavior [ RunTime:0.005000s ]
INFO: [ app_end ] --END-- [ RunTime:0.006000s ]

[ 2014-07-02T12:57:54+08:00 ] 127.0.0.1 /index.php/Home/Index/ajaxHistory/goodsId/18
INFO: [ app_init ] --START--
INFO: Run Behavior\BuildLiteBehavior [ RunTime:0.000000s ]
INFO: [ app_init ] --END-- [ RunTime:0.001000s ]
INFO: [ app_begin ] --START--
INFO: Run Behavior\ReadHtmlCacheBehavior [ RunTime:0.041002s ]
INFO: [ app_begin ] --END-- [ RunTime:0.041002s ]
SQL: SHOW COLUMNS FROM `sh_category` [ RunTime:0.013000s ]
SQL: SELECT * FROM `sh_category` WHERE ( parent_id=0 )  [ RunTime:0.001000s ]
SQL: SELECT * FROM `sh_category` WHERE ( parent_id=13 )  [ RunTime:0.001001s ]
SQL: SELECT * FROM `sh_category` WHERE ( parent_id=14 )  [ RunTime:0.000000s ]
SQL: SELECT * FROM `sh_category` WHERE ( parent_id=23 )  [ RunTime:0.001000s ]
SQL: SELECT * FROM `sh_category` WHERE ( parent_id=25 )  [ RunTime:0.001000s ]
SQL: SELECT * FROM `sh_category` WHERE ( parent_id=26 )  [ RunTime:0.001000s ]
SQL: SELECT * FROM `sh_category` WHERE ( parent_id=16 )  [ RunTime:0.000000s ]
SQL: SELECT * FROM `sh_category` WHERE ( parent_id=17 )  [ RunTime:0.001000s ]
SQL: SELECT * FROM `sh_category` WHERE ( parent_id=18 )  [ RunTime:0.001000s ]
SQL: SELECT * FROM `sh_category` WHERE ( parent_id=27 )  [ RunTime:0.001000s ]
SQL: SHOW COLUMNS FROM `sh_news` [ RunTime:0.015001s ]
SQL: SHOW COLUMNS FROM `sh_news_cat` [ RunTime:0.014001s ]
SQL: SELECT * FROM `sh_news_cat` WHERE ( is_help='是' )  [ RunTime:0.001000s ]
SQL: SELECT * FROM `sh_news` WHERE ( cat_id=2 AND isshow="是" )  [ RunTime:0.003000s ]
SQL: SELECT * FROM `sh_news` WHERE ( cat_id=3 AND isshow="是" )  [ RunTime:0.002000s ]
SQL: SHOW COLUMNS FROM `sh_button` [ RunTime:0.015001s ]
SQL: SELECT * FROM `sh_button`  [ RunTime:0.002000s ]
SQL: SHOW COLUMNS FROM `sh_goods` [ RunTime:0.018001s ]
SQL: SELECT `mid_logo`,`goods_name` FROM `sh_goods` WHERE ( `id` = 18 ) LIMIT 1   [ RunTime:0.002001s ]
INFO: [ app_end ] --START--
INFO: Run Behavior\ShowPageTraceBehavior [ RunTime:0.004000s ]
INFO: [ app_end ] --END-- [ RunTime:0.004000s ]

[ 2014-07-02T12:57:55+08:00 ] 127.0.0.1 /index.php/Home/Index/ajaxGetRemark/p/1/goodsId/18
INFO: [ app_init ] --START--
INFO: Run Behavior\BuildLiteBehavior [ RunTime:0.000000s ]
INFO: [ app_init ] --END-- [ RunTime:0.002000s ]
INFO: [ app_begin ] --START--
INFO: Run Behavior\ReadHtmlCacheBehavior [ RunTime:0.013001s ]
INFO: [ app_begin ] --END-- [ RunTime:0.013001s ]
SQL: SHOW COLUMNS FROM `sh_category` [ RunTime:0.014001s ]
SQL: SELECT * FROM `sh_category` WHERE ( parent_id=0 )  [ RunTime:0.001000s ]
SQL: SELECT * FROM `sh_category` WHERE ( parent_id=13 )  [ RunTime:0.001000s ]
SQL: SELECT * FROM `sh_category` WHERE ( parent_id=14 )  [ RunTime:0.001000s ]
SQL: SELECT * FROM `sh_category` WHERE ( parent_id=23 )  [ RunTime:0.001000s ]
SQL: SELECT * FROM `sh_category` WHERE ( parent_id=25 )  [ RunTime:0.001000s ]
SQL: SELECT * FROM `sh_category` WHERE ( parent_id=26 )  [ RunTime:0.002000s ]
SQL: SELECT * FROM `sh_category` WHERE ( parent_id=16 )  [ RunTime:0.002000s ]
SQL: SELECT * FROM `sh_category` WHERE ( parent_id=17 )  [ RunTime:0.003001s ]
SQL: SELECT * FROM `sh_category` WHERE ( parent_id=18 )  [ RunTime:0.001000s ]
SQL: SELECT * FROM `sh_category` WHERE ( parent_id=27 )  [ RunTime:0.001000s ]
SQL: SHOW COLUMNS FROM `sh_news` [ RunTime:0.016001s ]
SQL: SHOW COLUMNS FROM `sh_news_cat` [ RunTime:0.013001s ]
SQL: SELECT * FROM `sh_news_cat` WHERE ( is_help='是' )  [ RunTime:0.001000s ]
SQL: SELECT * FROM `sh_news` WHERE ( cat_id=2 AND isshow="是" )  [ RunTime:0.003000s ]
SQL: SELECT * FROM `sh_news` WHERE ( cat_id=3 AND isshow="是" )  [ RunTime:0.001000s ]
SQL: SHOW COLUMNS FROM `sh_button` [ RunTime:0.012001s ]
SQL: SELECT * FROM `sh_button`  [ RunTime:0.000000s ]
SQL: SHOW COLUMNS FROM `sh_goods_remark` [ RunTime:0.012001s ]
SQL: SELECT a.*,IFNULL(b.username,"匿名") username,IFNULL(b.sm_logo,"face.jpg") sm_logo FROM sh_goods_remark a LEFT JOIN sh_member b ON a.member_id=b.id  WHERE ( a.goods_id=18 ) ORDER BY id DESC LIMIT 0,10   [ RunTime:0.109006s ]
SQL: SELECT COUNT(*) AS tp_count FROM `sh_goods_remark` WHERE ( goods_id=18 ) LIMIT 1   [ RunTime:0.001000s ]
INFO: [ app_end ] --START--
INFO: Run Behavior\ShowPageTraceBehavior [ RunTime:0.004000s ]
INFO: [ app_end ] --END-- [ RunTime:0.004000s ]

[ 2014-07-02T12:57:55+08:00 ] 127.0.0.1 /index.php/Member/Index/getCode
INFO: [ app_init ] --START--
INFO: Run Behavior\BuildLiteBehavior [ RunTime:0.000000s ]
INFO: [ app_init ] --END-- [ RunTime:0.002001s ]
INFO: [ app_begin ] --START--
INFO: Run Behavior\ReadHtmlCacheBehavior [ RunTime:0.004000s ]
INFO: [ app_begin ] --END-- [ RunTime:0.004000s ]
SQL: SHOW COLUMNS FROM `sh_category` [ RunTime:0.015001s ]
SQL: SELECT * FROM `sh_category` WHERE ( parent_id=0 )  [ RunTime:0.000000s ]
SQL: SELECT * FROM `sh_category` WHERE ( parent_id=13 )  [ RunTime:0.001000s ]
SQL: SELECT * FROM `sh_category` WHERE ( parent_id=14 )  [ RunTime:0.001000s ]
SQL: SELECT * FROM `sh_category` WHERE ( parent_id=23 )  [ RunTime:0.001000s ]
SQL: SELECT * FROM `sh_category` WHERE ( parent_id=25 )  [ RunTime:0.002000s ]
SQL: SELECT * FROM `sh_category` WHERE ( parent_id=26 )  [ RunTime:0.001000s ]
SQL: SELECT * FROM `sh_category` WHERE ( parent_id=16 )  [ RunTime:0.001000s ]
SQL: SELECT * FROM `sh_category` WHERE ( parent_id=17 )  [ RunTime:0.000000s ]
SQL: SELECT * FROM `sh_category` WHERE ( parent_id=18 )  [ RunTime:0.002000s ]
SQL: SELECT * FROM `sh_category` WHERE ( parent_id=27 )  [ RunTime:0.001000s ]
SQL: SHOW COLUMNS FROM `sh_news` [ RunTime:0.012001s ]
SQL: SHOW COLUMNS FROM `sh_news_cat` [ RunTime:0.014000s ]
SQL: SELECT * FROM `sh_news_cat` WHERE ( is_help='是' )  [ RunTime:0.001000s ]
SQL: SELECT * FROM `sh_news` WHERE ( cat_id=2 AND isshow="是" )  [ RunTime:0.001000s ]
SQL: SELECT * FROM `sh_news` WHERE ( cat_id=3 AND isshow="是" )  [ RunTime:0.001000s ]
SQL: SHOW COLUMNS FROM `sh_button` [ RunTime:0.012000s ]
SQL: SELECT * FROM `sh_button`  [ RunTime:0.001001s ]
INFO: [ app_end ] --START--
INFO: Run Behavior\ShowPageTraceBehavior [ RunTime:0.003000s ]
INFO: [ app_end ] --END-- [ RunTime:0.003000s ]

